<?xml version="1.0" encoding="UTF-8"?>
<!-- Generated by org.testng.reporters.JUnitXMLReporter -->
<testsuite ignored="2" hostname="COOL" failures="0" tests="4" name="Test" time="0.109" errors="0" timestamp="2023-01-04T16:33:26 IST">
  <testcase classname="TestNg.ClassA" name="addToCart" time="0.012"/>
  <testcase classname="TestNg.ClassA" name="payment" time="0.003"/>
  <testcase classname="TestNg.ClassA" name="search" time="0.001"/>
  <testcase classname="TestNg.ClassA" name="select" time="0.004"/>
  <testcase classname="TestNg.ClassA" name="logout" time="0.0">
    <ignored/>
  </testcase> <!-- logout -->
  <testcase classname="TestNg.ClassA" name="login" time="0.0">
    <ignored/>
  </testcase> <!-- login -->
</testsuite> <!-- Test -->
